2019-04-02 20:15:38.922  INFO 7332 --- [restartedMain] com.abc.ServerApplication                : Starting ServerApplication on user-PC with PID 7332 (D:\code\biu\server\out\production\classes started by Administrator in D:\code\biu)
2019-04-02 20:15:38.927  INFO 7332 --- [restartedMain] com.abc.ServerApplication                : The following profiles are active: druid,mybatisplus,shiro,dev
2019-04-02 20:15:39.057  INFO 7332 --- [restartedMain] ConfigServletWebServerApplicationContext : Refreshing org.springframework.boot.web.servlet.context.AnnotationConfigServletWebServerApplicationContext@53828cf0: startup date [Tue Apr 02 20:15:39 CST 2019]; root of context hierarchy
2019-04-02 20:15:41.302  INFO 7332 --- [restartedMain] trationDelegate$BeanPostProcessorChecker : Bean 'org.apache.shiro.spring.boot.autoconfigure.ShiroBeanAutoConfiguration' of type [org.apache.shiro.spring.boot.autoconfigure.ShiroBeanAutoConfiguration$$EnhancerBySpringCGLIB$$85a7adf2] is not eligible for getting processed by all BeanPostProcessors (for example: not eligible for auto-proxying)
2019-04-02 20:15:41.438  INFO 7332 --- [restartedMain] trationDelegate$BeanPostProcessorChecker : Bean 'org.springframework.transaction.annotation.ProxyTransactionManagementConfiguration' of type [org.springframework.transaction.annotation.ProxyTransactionManagementConfiguration$$EnhancerBySpringCGLIB$$728ed042] is not eligible for getting processed by all BeanPostProcessors (for example: not eligible for auto-proxying)
2019-04-02 20:15:41.469  INFO 7332 --- [restartedMain] trationDelegate$BeanPostProcessorChecker : Bean 'org.apache.shiro.spring.boot.autoconfigure.ShiroAnnotationProcessorAutoConfiguration' of type [org.apache.shiro.spring.boot.autoconfigure.ShiroAnnotationProcessorAutoConfiguration$$EnhancerBySpringCGLIB$$883aec97] is not eligible for getting processed by all BeanPostProcessors (for example: not eligible for auto-proxying)
2019-04-02 20:15:41.486  INFO 7332 --- [restartedMain] trationDelegate$BeanPostProcessorChecker : Bean 'eventBus' of type [org.apache.shiro.event.support.DefaultEventBus] is not eligible for getting processed by all BeanPostProcessors (for example: not eligible for auto-proxying)
2019-04-02 20:15:41.566  INFO 7332 --- [restartedMain] trationDelegate$BeanPostProcessorChecker : Bean 'org.apache.shiro.spring.config.web.autoconfigure.ShiroWebAutoConfiguration' of type [org.apache.shiro.spring.config.web.autoconfigure.ShiroWebAutoConfiguration$$EnhancerBySpringCGLIB$$aa440e5c] is not eligible for getting processed by all BeanPostProcessors (for example: not eligible for auto-proxying)
2019-04-02 20:15:41.572  INFO 7332 --- [restartedMain] trationDelegate$BeanPostProcessorChecker : Bean 'shiroConfig' of type [com.abc.config.ShiroConfig$$EnhancerBySpringCGLIB$$30bbff87] is not eligible for getting processed by all BeanPostProcessors (for example: not eligible for auto-proxying)
2019-04-02 20:15:41.643  INFO 7332 --- [restartedMain] trationDelegate$BeanPostProcessorChecker : Bean 'org.springframework.boot.context.properties.ConversionServiceDeducer$Factory' of type [org.springframework.boot.context.properties.ConversionServiceDeducer$Factory] is not eligible for getting processed by all BeanPostProcessors (for example: not eligible for auto-proxying)
2019-04-02 20:15:41.789  INFO 7332 --- [restartedMain] trationDelegate$BeanPostProcessorChecker : Bean 'mybatis-plus-com.baomidou.mybatisplus.spring.boot.starter.MybatisPlusProperties' of type [com.baomidou.mybatisplus.spring.boot.starter.MybatisPlusProperties] is not eligible for getting processed by all BeanPostProcessors (for example: not eligible for auto-proxying)
2019-04-02 20:15:41.797  INFO 7332 --- [restartedMain] trationDelegate$BeanPostProcessorChecker : Bean 'myBatisPlusConfig' of type [com.abc.config.MyBatisPlusConfig$$EnhancerBySpringCGLIB$$61e68843] is not eligible for getting processed by all BeanPostProcessors (for example: not eligible for auto-proxying)
2019-04-02 20:15:41.810  INFO 7332 --- [restartedMain] trationDelegate$BeanPostProcessorChecker : Bean 'paginationInterceptor' of type [com.baomidou.mybatisplus.plugins.PaginationInterceptor] is not eligible for getting processed by all BeanPostProcessors (for example: not eligible for auto-proxying)
2019-04-02 20:15:41.819  INFO 7332 --- [restartedMain] trationDelegate$BeanPostProcessorChecker : Bean 'com.baomidou.mybatisplus.spring.boot.starter.MybatisPlusAutoConfiguration' of type [com.baomidou.mybatisplus.spring.boot.starter.MybatisPlusAutoConfiguration$$EnhancerBySpringCGLIB$$c02e6e9f] is not eligible for getting processed by all BeanPostProcessors (for example: not eligible for auto-proxying)
2019-04-02 20:15:41.824  INFO 7332 --- [restartedMain] trationDelegate$BeanPostProcessorChecker : Bean 'com.alibaba.druid.spring.boot.autoconfigure.DruidDataSourceAutoConfigure' of type [com.alibaba.druid.spring.boot.autoconfigure.DruidDataSourceAutoConfigure$$EnhancerBySpringCGLIB$$8c3ac5b4] is not eligible for getting processed by all BeanPostProcessors (for example: not eligible for auto-proxying)
2019-04-02 20:15:41.826  INFO 7332 --- [restartedMain] c.a.d.s.b.a.DruidDataSourceAutoConfigure : Init DruidDataSource
2019-04-02 20:15:41.990  INFO 7332 --- [restartedMain] trationDelegate$BeanPostProcessorChecker : Bean 'spring.datasource-org.springframework.boot.autoconfigure.jdbc.DataSourceProperties' of type [org.springframework.boot.autoconfigure.jdbc.DataSourceProperties] is not eligible for getting processed by all BeanPostProcessors (for example: not eligible for auto-proxying)
2019-04-02 20:15:41.998  INFO 7332 --- [restartedMain] trationDelegate$BeanPostProcessorChecker : Bean 'com.alibaba.druid.spring.boot.autoconfigure.stat.DruidFilterConfiguration' of type [com.alibaba.druid.spring.boot.autoconfigure.stat.DruidFilterConfiguration] is not eligible for getting processed by all BeanPostProcessors (for example: not eligible for auto-proxying)
2019-04-02 20:15:42.034  INFO 7332 --- [restartedMain] trationDelegate$BeanPostProcessorChecker : Bean 'statFilter' of type [com.alibaba.druid.filter.stat.StatFilter] is not eligible for getting processed by all BeanPostProcessors (for example: not eligible for auto-proxying)
2019-04-02 20:15:43.560  INFO 7332 --- [restartedMain] com.alibaba.druid.pool.DruidDataSource   : {dataSource-1} inited
2019-04-02 20:15:43.561  INFO 7332 --- [restartedMain] trationDelegate$BeanPostProcessorChecker : Bean 'dataSource' of type [com.alibaba.druid.spring.boot.autoconfigure.DruidDataSourceWrapper] is not eligible for getting processed by all BeanPostProcessors (for example: not eligible for auto-proxying)
2019-04-02 20:15:43.581  INFO 7332 --- [restartedMain] trationDelegate$BeanPostProcessorChecker : Bean 'org.springframework.boot.autoconfigure.jdbc.DataSourceInitializerInvoker' of type [org.springframework.boot.autoconfigure.jdbc.DataSourceInitializerInvoker] is not eligible for getting processed by all BeanPostProcessors (for example: not eligible for auto-proxying)
2019-04-02 20:15:44.023  WARN 7332 --- [restartedMain] c.b.mybatisplus.toolkit.TableInfoHelper  : Warn: Could not find @TableId in Class: com.abc.entity.SysRolePerm.
2019-04-02 20:15:44.023  WARN 7332 --- [restartedMain] c.b.mybatisplus.mapper.AutoSqlInjector   : class com.abc.entity.SysRolePerm ,Not found @TableId annotation, Cannot use Mybatis-Plus 'xxById' Method.
2019-04-02 20:15:44.063  WARN 7332 --- [restartedMain] c.b.mybatisplus.toolkit.TableInfoHelper  : Warn: Could not find @TableId in Class: com.abc.entity.SysUserRole.
2019-04-02 20:15:44.064  WARN 7332 --- [restartedMain] c.b.mybatisplus.mapper.AutoSqlInjector   : class com.abc.entity.SysUserRole ,Not found @TableId annotation, Cannot use Mybatis-Plus 'xxById' Method.
2019-04-02 20:15:44.078  INFO 7332 --- [restartedMain] trationDelegate$BeanPostProcessorChecker : Bean 'sqlSessionFactory' of type [org.apache.ibatis.session.defaults.DefaultSqlSessionFactory] is not eligible for getting processed by all BeanPostProcessors (for example: not eligible for auto-proxying)
2019-04-02 20:15:44.085  INFO 7332 --- [restartedMain] trationDelegate$BeanPostProcessorChecker : Bean 'sqlSessionTemplate' of type [org.mybatis.spring.SqlSessionTemplate] is not eligible for getting processed by all BeanPostProcessors (for example: not eligible for auto-proxying)
2019-04-02 20:15:44.086  INFO 7332 --- [restartedMain] trationDelegate$BeanPostProcessorChecker : Bean 'sysUserMapper' of type [org.mybatis.spring.mapper.MapperFactoryBean] is not eligible for getting processed by all BeanPostProcessors (for example: not eligible for auto-proxying)
2019-04-02 20:15:44.088  INFO 7332 --- [restartedMain] trationDelegate$BeanPostProcessorChecker : Bean 'sysUserMapper' of type [com.sun.proxy.$Proxy83] is not eligible for getting processed by all BeanPostProcessors (for example: not eligible for auto-proxying)
2019-04-02 20:15:44.089  INFO 7332 --- [restartedMain] trationDelegate$BeanPostProcessorChecker : Bean 'sysUserServiceImpl' of type [com.abc.service.impl.SysUserServiceImpl] is not eligible for getting processed by all BeanPostProcessors (for example: not eligible for auto-proxying)
2019-04-02 20:15:44.128  INFO 7332 --- [restartedMain] trationDelegate$BeanPostProcessorChecker : Bean 'sysRoleMapper' of type [org.mybatis.spring.mapper.MapperFactoryBean] is not eligible for getting processed by all BeanPostProcessors (for example: not eligible for auto-proxying)
2019-04-02 20:15:44.129  INFO 7332 --- [restartedMain] trationDelegate$BeanPostProcessorChecker : Bean 'sysRoleMapper' of type [com.sun.proxy.$Proxy84] is not eligible for getting processed by all BeanPostProcessors (for example: not eligible for auto-proxying)
2019-04-02 20:15:44.129  INFO 7332 --- [restartedMain] trationDelegate$BeanPostProcessorChecker : Bean 'sysRoleServiceImpl' of type [com.abc.service.impl.SysRoleServiceImpl] is not eligible for getting processed by all BeanPostProcessors (for example: not eligible for auto-proxying)
2019-04-02 20:15:44.144  INFO 7332 --- [restartedMain] trationDelegate$BeanPostProcessorChecker : Bean 'sysPermMapper' of type [org.mybatis.spring.mapper.MapperFactoryBean] is not eligible for getting processed by all BeanPostProcessors (for example: not eligible for auto-proxying)
2019-04-02 20:15:44.145  INFO 7332 --- [restartedMain] trationDelegate$BeanPostProcessorChecker : Bean 'sysPermMapper' of type [com.sun.proxy.$Proxy85] is not eligible for getting processed by all BeanPostProcessors (for example: not eligible for auto-proxying)
2019-04-02 20:15:44.145  INFO 7332 --- [restartedMain] trationDelegate$BeanPostProcessorChecker : Bean 'sysPermServiceImpl' of type [com.abc.service.impl.SysPermServiceImpl] is not eligible for getting processed by all BeanPostProcessors (for example: not eligible for auto-proxying)
2019-04-02 20:15:44.154  INFO 7332 --- [restartedMain] trationDelegate$BeanPostProcessorChecker : Bean 'realm' of type [com.abc.shiro.UserRealm] is not eligible for getting processed by all BeanPostProcessors (for example: not eligible for auto-proxying)
2019-04-02 20:15:44.723  INFO 7332 --- [restartedMain] trationDelegate$BeanPostProcessorChecker : Bean 'sessionStorageEvaluator' of type [org.apache.shiro.web.mgt.DefaultWebSessionStorageEvaluator] is not eligible for getting processed by all BeanPostProcessors (for example: not eligible for auto-proxying)
2019-04-02 20:15:44.725  INFO 7332 --- [restartedMain] trationDelegate$BeanPostProcessorChecker : Bean 'subjectDAO' of type [org.apache.shiro.mgt.DefaultSubjectDAO] is not eligible for getting processed by all BeanPostProcessors (for example: not eligible for auto-proxying)
2019-04-02 20:15:44.729  INFO 7332 --- [restartedMain] trationDelegate$BeanPostProcessorChecker : Bean 'subjectFactory' of type [org.apache.shiro.web.mgt.DefaultWebSubjectFactory] is not eligible for getting processed by all BeanPostProcessors (for example: not eligible for auto-proxying)
2019-04-02 20:15:44.732  INFO 7332 --- [restartedMain] trationDelegate$BeanPostProcessorChecker : Bean 'rememberMeCookieTemplate' of type [org.apache.shiro.web.servlet.SimpleCookie] is not eligible for getting processed by all BeanPostProcessors (for example: not eligible for auto-proxying)
2019-04-02 20:15:44.737  INFO 7332 --- [restartedMain] trationDelegate$BeanPostProcessorChecker : Bean 'rememberMeManager' of type [org.apache.shiro.web.mgt.CookieRememberMeManager] is not eligible for getting processed by all BeanPostProcessors (for example: not eligible for auto-proxying)
2019-04-02 20:15:44.741  INFO 7332 --- [restartedMain] trationDelegate$BeanPostProcessorChecker : Bean 'authenticationStrategy' of type [org.apache.shiro.authc.pam.AtLeastOneSuccessfulStrategy] is not eligible for getting processed by all BeanPostProcessors (for example: not eligible for auto-proxying)
2019-04-02 20:15:44.745  INFO 7332 --- [restartedMain] trationDelegate$BeanPostProcessorChecker : Bean 'authenticator' of type [org.apache.shiro.authc.pam.ModularRealmAuthenticator] is not eligible for getting processed by all BeanPostProcessors (for example: not eligible for auto-proxying)
2019-04-02 20:15:44.751  INFO 7332 --- [restartedMain] trationDelegate$BeanPostProcessorChecker : Bean 'authorizer' of type [org.apache.shiro.authz.ModularRealmAuthorizer] is not eligible for getting processed by all BeanPostProcessors (for example: not eligible for auto-proxying)
2019-04-02 20:15:44.754  INFO 7332 --- [restartedMain] trationDelegate$BeanPostProcessorChecker : Bean 'sessionManager' of type [org.apache.shiro.web.session.mgt.ServletContainerSessionManager] is not eligible for getting processed by all BeanPostProcessors (for example: not eligible for auto-proxying)
2019-04-02 20:15:44.766  INFO 7332 --- [restartedMain] trationDelegate$BeanPostProcessorChecker : Bean 'securityManager' of type [org.apache.shiro.web.mgt.DefaultWebSecurityManager] is not eligible for getting processed by all BeanPostProcessors (for example: not eligible for auto-proxying)
2019-04-02 20:15:44.783  INFO 7332 --- [restartedMain] trationDelegate$BeanPostProcessorChecker : Bean 'authorizationAttributeSourceAdvisor' of type [org.apache.shiro.spring.security.interceptor.AuthorizationAttributeSourceAdvisor] is not eligible for getting processed by all BeanPostProcessors (for example: not eligible for auto-proxying)
2019-04-02 20:15:44.804  INFO 7332 --- [restartedMain] trationDelegate$BeanPostProcessorChecker : Bean 'shiroFilterChainDefinition' of type [org.apache.shiro.spring.web.config.DefaultShiroFilterChainDefinition] is not eligible for getting processed by all BeanPostProcessors (for example: not eligible for auto-proxying)
2019-04-02 20:15:44.806  INFO 7332 --- [restartedMain] trationDelegate$BeanPostProcessorChecker : Bean 'org.apache.shiro.spring.config.web.autoconfigure.ShiroWebFilterConfiguration' of type [org.apache.shiro.spring.config.web.autoconfigure.ShiroWebFilterConfiguration$$EnhancerBySpringCGLIB$$dcae7393] is not eligible for getting processed by all BeanPostProcessors (for example: not eligible for auto-proxying)
2019-04-02 20:15:45.809  INFO 7332 --- [restartedMain] o.s.b.w.embedded.tomcat.TomcatWebServer  : Tomcat initialized with port(s): 8888 (http)
2019-04-02 20:15:45.856  INFO 7332 --- [restartedMain] o.apache.catalina.core.StandardService   : Starting service [Tomcat]
2019-04-02 20:15:45.856  INFO 7332 --- [restartedMain] org.apache.catalina.core.StandardEngine  : Starting Servlet Engine: Apache Tomcat/8.5.29
2019-04-02 20:15:45.860  INFO 7332 --- [localhost-startStop-1] o.a.catalina.core.AprLifecycleListener   : The APR based Apache Tomcat Native library which allows optimal performance in production environments was not found on the java.library.path: [C:\Program Files\Java\jdk1.8.0_171\bin;C:\Windows\Sun\Java\bin;C:\Windows\system32;C:\Windows;C:\Program Files (x86)\Common Files\Oracle\Java\javapath;C:\Windows\System32;C:\Program Files\Java\jdk1.8.0_171\bin;E:\maven\apache-maven-3.0.5\bin;E:\node\;D:\Program Files\nodejs\x64\node_global;E:\Git\Git\cmd;D:\Program Files\bin;D:\instantclient_11;E:\svn\bin;D:\mysql\bin;C:\Program Files\MySQL\MySQL Server 5.5\bin;D:\gradle-4.2.1\bin;C:\Users\Administrator\AppData\Roaming\npm;.]
2019-04-02 20:15:46.189  INFO 7332 --- [localhost-startStop-1] o.a.c.c.C.[.[localhost].[/api/v1]        : Initializing Spring embedded WebApplicationContext
2019-04-02 20:15:46.189  INFO 7332 --- [localhost-startStop-1] o.s.web.context.ContextLoader            : Root WebApplicationContext: initialization completed in 7133 ms
2019-04-02 20:15:46.521  INFO 7332 --- [localhost-startStop-1] o.s.b.w.servlet.ServletRegistrationBean  : Servlet dispatcherServlet mapped to [/]
2019-04-02 20:15:46.523  INFO 7332 --- [localhost-startStop-1] o.s.b.w.servlet.ServletRegistrationBean  : Servlet statViewServlet mapped to [/druid/*]
2019-04-02 20:15:46.526  INFO 7332 --- [localhost-startStop-1] o.s.b.w.servlet.FilterRegistrationBean   : Mapping filter: 'characterEncodingFilter' to: [/*]
2019-04-02 20:15:46.527  INFO 7332 --- [localhost-startStop-1] o.s.b.w.servlet.FilterRegistrationBean   : Mapping filter: 'hiddenHttpMethodFilter' to: [/*]
2019-04-02 20:15:46.527  INFO 7332 --- [localhost-startStop-1] o.s.b.w.servlet.FilterRegistrationBean   : Mapping filter: 'httpPutFormContentFilter' to: [/*]
2019-04-02 20:15:46.527  INFO 7332 --- [localhost-startStop-1] o.s.b.w.servlet.FilterRegistrationBean   : Mapping filter: 'requestContextFilter' to: [/*]
2019-04-02 20:15:46.527  INFO 7332 --- [localhost-startStop-1] o.s.b.w.servlet.FilterRegistrationBean   : Mapping filter: 'webStatFilter' to urls: [/*]
2019-04-02 20:15:46.527  INFO 7332 --- [localhost-startStop-1] o.s.b.w.servlet.FilterRegistrationBean   : Mapping filter: 'corsFilter' to: [/*]
2019-04-02 20:15:46.527  INFO 7332 --- [localhost-startStop-1] o.s.b.w.servlet.FilterRegistrationBean   : Mapping filter: 'shiroFilterFactoryBean' to: [/*]
2019-04-02 20:15:46.994  INFO 7332 --- [restartedMain] o.s.w.s.handler.SimpleUrlHandlerMapping  : Mapped URL path [/**/favicon.ico] onto handler of type [class org.springframework.web.servlet.resource.ResourceHttpRequestHandler]
2019-04-02 20:15:47.598  INFO 7332 --- [restartedMain] s.w.s.m.m.a.RequestMappingHandlerAdapter : Looking for @ControllerAdvice: org.springframework.boot.web.servlet.context.AnnotationConfigServletWebServerApplicationContext@53828cf0: startup date [Tue Apr 02 20:15:39 CST 2019]; root of context hierarchy
2019-04-02 20:15:47.859  INFO 7332 --- [restartedMain] s.w.s.m.m.a.RequestMappingHandlerMapping : Mapped "{[/auth/info],methods=[GET]}" onto public com.abc.vo.Json com.abc.controller.AuthController.info()
2019-04-02 20:15:47.860  INFO 7332 --- [restartedMain] s.w.s.m.m.a.RequestMappingHandlerMapping : Mapped "{[/auth/page/403]}" onto public com.abc.vo.Json com.abc.controller.AuthController.page403()
2019-04-02 20:15:47.861  INFO 7332 --- [restartedMain] s.w.s.m.m.a.RequestMappingHandlerMapping : Mapped "{[/auth/page/index]}" onto public com.abc.vo.Json com.abc.controller.AuthController.pageIndex()
2019-04-02 20:15:47.863  INFO 7332 --- [restartedMain] s.w.s.m.m.a.RequestMappingHandlerMapping : Mapped "{[/auth/login],methods=[POST]}" onto public com.abc.vo.Json com.abc.controller.AuthController.login(java.lang.String)
2019-04-02 20:15:47.863  INFO 7332 --- [restartedMain] s.w.s.m.m.a.RequestMappingHandlerMapping : Mapped "{[/auth/page/401]}" onto public com.abc.vo.Json com.abc.controller.AuthController.page401()
2019-04-02 20:15:47.864  INFO 7332 --- [restartedMain] s.w.s.m.m.a.RequestMappingHandlerMapping : Mapped "{[/auth/logout],methods=[POST]}" onto public com.abc.vo.Json com.abc.controller.AuthController.logout()
2019-04-02 20:15:47.864  INFO 7332 --- [restartedMain] s.w.s.m.m.a.RequestMappingHandlerMapping : Mapped "{[/option/role],methods=[GET]}" onto public com.abc.vo.Json com.abc.controller.OptionController.listRoleOptions()
2019-04-02 20:15:47.869  INFO 7332 --- [restartedMain] s.w.s.m.m.a.RequestMappingHandlerMapping : Mapped "{[/sys_perm],methods=[POST]}" onto public com.abc.vo.Json com.abc.controller.SysPermController.add(java.lang.String)
2019-04-02 20:15:47.869  INFO 7332 --- [restartedMain] s.w.s.m.m.a.RequestMappingHandlerMapping : Mapped "{[/sys_perm/info],methods=[PATCH]}" onto public com.abc.vo.Json com.abc.controller.SysPermController.update(java.lang.String)
2019-04-02 20:15:47.869  INFO 7332 --- [restartedMain] s.w.s.m.m.a.RequestMappingHandlerMapping : Mapped "{[/sys_perm],methods=[DELETE]}" onto public com.abc.vo.Json com.abc.controller.SysPermController.delete(java.lang.String)
2019-04-02 20:15:47.870  INFO 7332 --- [restartedMain] s.w.s.m.m.a.RequestMappingHandlerMapping : Mapped "{[/sys_perm/list/all],methods=[GET]}" onto public com.abc.vo.Json com.abc.controller.SysPermController.listAllPermission()
2019-04-02 20:15:47.870  INFO 7332 --- [restartedMain] s.w.s.m.m.a.RequestMappingHandlerMapping : Mapped "{[/sys_perm/list/btn_perm_map],methods=[GET]}" onto public com.abc.vo.Json com.abc.controller.SysPermController.listButtonPermMapGroupByParent()
2019-04-02 20:15:47.870  INFO 7332 --- [restartedMain] s.w.s.m.m.a.RequestMappingHandlerMapping : Mapped "{[/sys_perm/sync/menu],methods=[POST]}" onto public com.abc.vo.Json com.abc.controller.SysPermController.syncMenuPermission(java.lang.String)
2019-04-02 20:15:47.871  INFO 7332 --- [restartedMain] s.w.s.m.m.a.RequestMappingHandlerMapping : Mapped "{[/sys_perm/sync/api],methods=[POST]}" onto public com.abc.vo.Json com.abc.controller.SysPermController.syncApiPermission(java.lang.String)
2019-04-02 20:15:47.871  INFO 7332 --- [restartedMain] s.w.s.m.m.a.RequestMappingHandlerMapping : Mapped "{[/sys_perm/meta/api],methods=[GET]}" onto public com.abc.vo.Json com.abc.controller.SysPermController.listApiPermMetadata()
2019-04-02 20:15:47.873  INFO 7332 --- [restartedMain] s.w.s.m.m.a.RequestMappingHandlerMapping : Mapped "{[/sys_role],methods=[POST]}" onto public com.abc.vo.Json com.abc.controller.SysRoleController.add(java.lang.String)
2019-04-02 20:15:47.874  INFO 7332 --- [restartedMain] s.w.s.m.m.a.RequestMappingHandlerMapping : Mapped "{[/sys_role/info],methods=[PATCH]}" onto public com.abc.vo.Json com.abc.controller.SysRoleController.update(java.lang.String)
2019-04-02 20:15:47.874  INFO 7332 --- [restartedMain] s.w.s.m.m.a.RequestMappingHandlerMapping : Mapped "{[/sys_role],methods=[DELETE]}" onto public com.abc.vo.Json com.abc.controller.SysRoleController.delete(java.lang.String)
2019-04-02 20:15:47.874  INFO 7332 --- [restartedMain] s.w.s.m.m.a.RequestMappingHandlerMapping : Mapped "{[/sys_role/query],methods=[POST]}" onto public com.abc.vo.Json com.abc.controller.SysRoleController.query(java.lang.String)
2019-04-02 20:15:47.875  INFO 7332 --- [restartedMain] s.w.s.m.m.a.RequestMappingHandlerMapping : Mapped "{[/sys_role/perm],methods=[PATCH]}" onto public com.abc.vo.Json com.abc.controller.SysRoleController.updateRolePerm(com.abc.vo.UpdateRolePermVo)
2019-04-02 20:15:47.875  INFO 7332 --- [restartedMain] s.w.s.m.m.a.RequestMappingHandlerMapping : Mapped "{[/sys_role/perm],methods=[POST]}" onto public com.abc.vo.Json com.abc.controller.SysRoleController.addPerm(java.lang.String)
2019-04-02 20:15:47.875  INFO 7332 --- [restartedMain] s.w.s.m.m.a.RequestMappingHandlerMapping : Mapped "{[/sys_role/perm],methods=[DELETE]}" onto public com.abc.vo.Json com.abc.controller.SysRoleController.deletePerm(java.lang.String)
2019-04-02 20:15:47.876  INFO 7332 --- [restartedMain] s.w.s.m.m.a.RequestMappingHandlerMapping : Mapped "{[/sys_role/{rid}/perms],methods=[GET]}" onto public com.abc.vo.Json com.abc.controller.SysRoleController.findRolePerms(java.lang.String)
2019-04-02 20:15:47.878  INFO 7332 --- [restartedMain] s.w.s.m.m.a.RequestMappingHandlerMapping : Mapped "{[/sys_user],methods=[POST]}" onto public com.abc.vo.Json com.abc.controller.SysUserController.add(java.lang.String)
2019-04-02 20:15:47.879  INFO 7332 --- [restartedMain] s.w.s.m.m.a.RequestMappingHandlerMapping : Mapped "{[/sys_user/info],methods=[PATCH]}" onto public com.abc.vo.Json com.abc.controller.SysUserController.update(java.lang.String)
2019-04-02 20:15:47.879  INFO 7332 --- [restartedMain] s.w.s.m.m.a.RequestMappingHandlerMapping : Mapped "{[/sys_user],methods=[DELETE]}" onto public com.abc.vo.Json com.abc.controller.SysUserController.delete(java.lang.String)
2019-04-02 20:15:47.879  INFO 7332 --- [restartedMain] s.w.s.m.m.a.RequestMappingHandlerMapping : Mapped "{[/sys_user/query],methods=[POST]}" onto public com.abc.vo.Json com.abc.controller.SysUserController.query(java.lang.String)
2019-04-02 20:15:47.879  INFO 7332 --- [restartedMain] s.w.s.m.m.a.RequestMappingHandlerMapping : Mapped "{[/sys_user/info],methods=[GET]}" onto public com.abc.vo.Json com.abc.controller.SysUserController.userInfo()
2019-04-02 20:15:47.880  INFO 7332 --- [restartedMain] s.w.s.m.m.a.RequestMappingHandlerMapping : Mapped "{[/sys_user/role],methods=[PATCH]}" onto public com.abc.vo.Json com.abc.controller.SysUserController.updateUserRole(java.lang.String)
2019-04-02 20:15:47.880  INFO 7332 --- [restartedMain] s.w.s.m.m.a.RequestMappingHandlerMapping : Mapped "{[/sys_user/pwd],methods=[PATCH]}" onto public com.abc.vo.Json com.abc.controller.SysUserController.updatePwd(java.lang.String)
2019-04-02 20:15:47.880  INFO 7332 --- [restartedMain] s.w.s.m.m.a.RequestMappingHandlerMapping : Mapped "{[/sys_user/{uid}/roles],methods=[GET]}" onto public com.abc.vo.Json com.abc.controller.SysUserController.findUserRoles(java.lang.String)
2019-04-02 20:15:47.885  INFO 7332 --- [restartedMain] s.w.s.m.m.a.RequestMappingHandlerMapping : Mapped "{[/test/user],methods=[GET]}" onto public java.lang.String com.abc.controller.TestController.user()
2019-04-02 20:15:47.885  INFO 7332 --- [restartedMain] s.w.s.m.m.a.RequestMappingHandlerMapping : Mapped "{[/test/js],methods=[GET]}" onto public java.lang.String com.abc.controller.TestController.js()
2019-04-02 20:15:47.885  INFO 7332 --- [restartedMain] s.w.s.m.m.a.RequestMappingHandlerMapping : Mapped "{[/test/hello],methods=[GET]}" onto public java.lang.String com.abc.controller.TestController.hello()
2019-04-02 20:15:47.885  INFO 7332 --- [restartedMain] s.w.s.m.m.a.RequestMappingHandlerMapping : Mapped "{[/test/gradleBuild],methods=[GET]}" onto public java.lang.String com.abc.controller.TestController.gradleBuild()
2019-04-02 20:15:47.886  INFO 7332 --- [restartedMain] s.w.s.m.m.a.RequestMappingHandlerMapping : Mapped "{[/test/authn],methods=[GET]}" onto public java.lang.String com.abc.controller.TestController.authn()
2019-04-02 20:15:47.886  INFO 7332 --- [restartedMain] s.w.s.m.m.a.RequestMappingHandlerMapping : Mapped "{[/test/mvnInstall],methods=[GET]}" onto public java.lang.String com.abc.controller.TestController.mvnInstall()
2019-04-02 20:15:47.886  INFO 7332 --- [restartedMain] s.w.s.m.m.a.RequestMappingHandlerMapping : Mapped "{[/test/guest],methods=[GET]}" onto public java.lang.String com.abc.controller.TestController.guest()
2019-04-02 20:15:47.886  INFO 7332 --- [restartedMain] s.w.s.m.m.a.RequestMappingHandlerMapping : Mapped "{[/test/python],methods=[GET]}" onto public java.lang.String com.abc.controller.TestController.python()
2019-04-02 20:15:47.888  INFO 7332 --- [restartedMain] s.w.s.m.m.a.RequestMappingHandlerMapping : Mapped "{[/error]}" onto public org.springframework.http.ResponseEntity<java.util.Map<java.lang.String, java.lang.Object>> org.springframework.boot.autoconfigure.web.servlet.error.BasicErrorController.error(javax.servlet.http.HttpServletRequest)
2019-04-02 20:15:47.889  INFO 7332 --- [restartedMain] s.w.s.m.m.a.RequestMappingHandlerMapping : Mapped "{[/error],produces=[text/html]}" onto public org.springframework.web.servlet.ModelAndView org.springframework.boot.autoconfigure.web.servlet.error.BasicErrorController.errorHtml(javax.servlet.http.HttpServletRequest,javax.servlet.http.HttpServletResponse)
2019-04-02 20:15:48.001  INFO 7332 --- [restartedMain] o.s.w.s.handler.SimpleUrlHandlerMapping  : Mapped URL path [/webjars/**] onto handler of type [class org.springframework.web.servlet.resource.ResourceHttpRequestHandler]
2019-04-02 20:15:48.001  INFO 7332 --- [restartedMain] o.s.w.s.handler.SimpleUrlHandlerMapping  : Mapped URL path [/**] onto handler of type [class org.springframework.web.servlet.resource.ResourceHttpRequestHandler]
2019-04-02 20:15:48.053  INFO 7332 --- [restartedMain] .m.m.a.ExceptionHandlerExceptionResolver : Detected @ExceptionHandler methods in globalExceptionHandler
2019-04-02 20:15:48.581  WARN 7332 --- [restartedMain] o.s.b.d.a.OptionalLiveReloadServer       : Unable to start LiveReload server
2019-04-02 20:15:48.644  INFO 7332 --- [restartedMain] o.s.j.e.a.AnnotationMBeanExporter        : Registering beans for JMX exposure on startup
2019-04-02 20:15:48.645  INFO 7332 --- [restartedMain] o.s.j.e.a.AnnotationMBeanExporter        : Bean with name 'statFilter' has been autodetected for JMX exposure
2019-04-02 20:15:48.645  INFO 7332 --- [restartedMain] o.s.j.e.a.AnnotationMBeanExporter        : Bean with name 'dataSource' has been autodetected for JMX exposure
2019-04-02 20:15:48.652  INFO 7332 --- [restartedMain] o.s.j.e.a.AnnotationMBeanExporter        : Located MBean 'dataSource': registering with JMX server as MBean [com.alibaba.druid.spring.boot.autoconfigure:name=dataSource,type=DruidDataSourceWrapper]
2019-04-02 20:15:48.652  INFO 7332 --- [restartedMain] o.s.j.e.a.AnnotationMBeanExporter        : Located MBean 'statFilter': registering with JMX server as MBean [com.alibaba.druid.filter.stat:name=statFilter,type=StatFilter]
2019-04-02 20:15:48.710 ERROR 7332 --- [restartedMain] o.apache.catalina.core.StandardService   : Failed to start connector [Connector[HTTP/1.1-8888]]

org.apache.catalina.LifecycleException: Failed to start component [Connector[HTTP/1.1-8888]]
	at org.apache.catalina.util.LifecycleBase.start(LifecycleBase.java:167) ~[tomcat-embed-core-8.5.29.jar:8.5.29]
	at org.apache.catalina.core.StandardService.addConnector(StandardService.java:225) ~[tomcat-embed-core-8.5.29.jar:8.5.29]
	at org.springframework.boot.web.embedded.tomcat.TomcatWebServer.addPreviouslyRemovedConnectors(TomcatWebServer.java:256) [spring-boot-2.0.1.RELEASE.jar:2.0.1.RELEASE]
	at org.springframework.boot.web.embedded.tomcat.TomcatWebServer.start(TomcatWebServer.java:198) [spring-boot-2.0.1.RELEASE.jar:2.0.1.RELEASE]
	at org.springframework.boot.web.servlet.context.ServletWebServerApplicationContext.startWebServer(ServletWebServerApplicationContext.java:300) [spring-boot-2.0.1.RELEASE.jar:2.0.1.RELEASE]
	at org.springframework.boot.web.servlet.context.ServletWebServerApplicationContext.finishRefresh(ServletWebServerApplicationContext.java:162) [spring-boot-2.0.1.RELEASE.jar:2.0.1.RELEASE]
	at org.springframework.context.support.AbstractApplicationContext.refresh(AbstractApplicationContext.java:553) [spring-context-5.0.5.RELEASE.jar:5.0.5.RELEASE]
	at org.springframework.boot.web.servlet.context.ServletWebServerApplicationContext.refresh(ServletWebServerApplicationContext.java:140) [spring-boot-2.0.1.RELEASE.jar:2.0.1.RELEASE]
	at org.springframework.boot.SpringApplication.refresh(SpringApplication.java:759) [spring-boot-2.0.1.RELEASE.jar:2.0.1.RELEASE]
	at org.springframework.boot.SpringApplication.refreshContext(SpringApplication.java:395) [spring-boot-2.0.1.RELEASE.jar:2.0.1.RELEASE]
	at org.springframework.boot.SpringApplication.run(SpringApplication.java:327) [spring-boot-2.0.1.RELEASE.jar:2.0.1.RELEASE]
	at org.springframework.boot.SpringApplication.run(SpringApplication.java:1255) [spring-boot-2.0.1.RELEASE.jar:2.0.1.RELEASE]
	at org.springframework.boot.SpringApplication.run(SpringApplication.java:1243) [spring-boot-2.0.1.RELEASE.jar:2.0.1.RELEASE]
	at com.abc.ServerApplication.main(ServerApplication.java:15) [classes/:na]
	at sun.reflect.NativeMethodAccessorImpl.invoke0(Native Method) ~[na:1.8.0_171]
	at sun.reflect.NativeMethodAccessorImpl.invoke(NativeMethodAccessorImpl.java:62) ~[na:1.8.0_171]
	at sun.reflect.DelegatingMethodAccessorImpl.invoke(DelegatingMethodAccessorImpl.java:43) ~[na:1.8.0_171]
	at java.lang.reflect.Method.invoke(Method.java:498) ~[na:1.8.0_171]
	at org.springframework.boot.devtools.restart.RestartLauncher.run(RestartLauncher.java:49) [spring-boot-devtools-2.0.1.RELEASE.jar:2.0.1.RELEASE]
Caused by: org.apache.catalina.LifecycleException: Protocol handler start failed
	at org.apache.catalina.connector.Connector.startInternal(Connector.java:1020) ~[tomcat-embed-core-8.5.29.jar:8.5.29]
	at org.apache.catalina.util.LifecycleBase.start(LifecycleBase.java:150) ~[tomcat-embed-core-8.5.29.jar:8.5.29]
	... 18 common frames omitted
Caused by: java.net.BindException: Address already in use: bind
	at sun.nio.ch.Net.bind0(Native Method) ~[na:1.8.0_171]
	at sun.nio.ch.Net.bind(Net.java:433) ~[na:1.8.0_171]
	at sun.nio.ch.Net.bind(Net.java:425) ~[na:1.8.0_171]
	at sun.nio.ch.ServerSocketChannelImpl.bind(ServerSocketChannelImpl.java:223) ~[na:1.8.0_171]
	at sun.nio.ch.ServerSocketAdaptor.bind(ServerSocketAdaptor.java:74) ~[na:1.8.0_171]
	at org.apache.tomcat.util.net.NioEndpoint.bind(NioEndpoint.java:210) ~[tomcat-embed-core-8.5.29.jar:8.5.29]
	at org.apache.tomcat.util.net.AbstractEndpoint.start(AbstractEndpoint.java:1150) ~[tomcat-embed-core-8.5.29.jar:8.5.29]
	at org.apache.coyote.AbstractProtocol.start(AbstractProtocol.java:591) ~[tomcat-embed-core-8.5.29.jar:8.5.29]
	at org.apache.catalina.connector.Connector.startInternal(Connector.java:1018) ~[tomcat-embed-core-8.5.29.jar:8.5.29]
	... 19 common frames omitted

2019-04-02 20:15:48.734  INFO 7332 --- [restartedMain] o.apache.catalina.core.StandardService   : Stopping service [Tomcat]
2019-04-02 20:15:48.765  INFO 7332 --- [restartedMain] ConditionEvaluationReportLoggingListener : 

Error starting ApplicationContext. To display the conditions report re-run your application with 'debug' enabled.
2019-04-02 20:15:48.771 ERROR 7332 --- [restartedMain] o.s.b.d.LoggingFailureAnalysisReporter   : 

***************************
APPLICATION FAILED TO START
***************************

Description:

The Tomcat connector configured to listen on port 8888 failed to start. The port may already be in use or the connector may be misconfigured.

Action:

Verify the connector's configuration, identify and stop any process that's listening on port 8888, or configure this application to listen on another port.

2019-04-02 20:15:48.803  INFO 7332 --- [restartedMain] ConfigServletWebServerApplicationContext : Closing org.springframework.boot.web.servlet.context.AnnotationConfigServletWebServerApplicationContext@53828cf0: startup date [Tue Apr 02 20:15:39 CST 2019]; root of context hierarchy
2019-04-02 20:15:48.806  INFO 7332 --- [restartedMain] o.s.j.e.a.AnnotationMBeanExporter        : Unregistering JMX-exposed beans on shutdown
2019-04-02 20:15:48.806  INFO 7332 --- [restartedMain] o.s.j.e.a.AnnotationMBeanExporter        : Unregistering JMX-exposed beans
2019-04-02 20:15:48.811  INFO 7332 --- [restartedMain] com.alibaba.druid.pool.DruidDataSource   : {dataSource-1} closed
